<?xml version="1.0" encoding="UTF-8"?>
<testng-results ignored="0" total="1" passed="1" failed="0" skipped="0">
  <reporter-output>
  </reporter-output>
  <suite started-at="2024-05-08T20:32:17 EDT" name="Default suite" finished-at="2024-05-08T20:32:40 EDT" duration-ms="22911">
    <groups>
    </groups>
    <test started-at="2024-05-08T20:32:17 EDT" name="Default test" finished-at="2024-05-08T20:32:40 EDT" duration-ms="22911">
      <class name="Java_Appium.MobileAutomation.AppTest">
        <test-method is-config="true" signature="configureAppium()[pri:0, instance:Java_Appium.MobileAutomation.AppTest@7c7a06ec]" started-at="2024-05-08T20:32:17 EDT" name="configureAppium" finished-at="2024-05-08T20:32:25 EDT" duration-ms="8238" status="PASS">
          <reporter-output>
          </reporter-output>
        </test-method> <!-- configureAppium -->
        <test-method signature="TestDataApp()[pri:0, instance:Java_Appium.MobileAutomation.AppTest@7c7a06ec]" started-at="2024-05-08T20:32:25 EDT" name="TestDataApp" finished-at="2024-05-08T20:32:39 EDT" duration-ms="13428" status="PASS">
          <reporter-output>
          </reporter-output>
        </test-method> <!-- TestDataApp -->
        <test-method is-config="true" signature="tearDown()[pri:0, instance:Java_Appium.MobileAutomation.AppTest@7c7a06ec]" started-at="2024-05-08T20:32:39 EDT" name="tearDown" finished-at="2024-05-08T20:32:40 EDT" duration-ms="1174" status="PASS">
          <reporter-output>
          </reporter-output>
        </test-method> <!-- tearDown -->
      </class> <!-- Java_Appium.MobileAutomation.AppTest -->
    </test> <!-- Default test -->
  </suite> <!-- Default suite -->
</testng-results>
